\BOOKMARK [0][-]{chapter.1}{\376\377\000I\000n\000t\000r\000o\000d\000u\000z\000i\000o\000n\000e}{}% 1
\BOOKMARK [0][-]{chapter.2}{\376\377\000P\000r\000o\000g\000e\000t\000t\000a\000z\000i\000o\000n\000e\000\040\000C\000o\000n\000c\000e\000t\000t\000u\000a\000l\000e}{}% 2
\BOOKMARK [1][-]{section.2.1}{\376\377\000D\000i\000a\000g\000r\000a\000m\000m\000a\000\040\000D\000e\000l\000l\000e\000\040\000C\000l\000a\000s\000s\000i\000\040\000U\000M\000L}{chapter.2}% 3
\BOOKMARK [1][-]{section.2.2}{\376\377\000D\000i\000a\000g\000r\000a\000m\000m\000a\000\040\000E\000R\000\040\000\050\000E\000n\000t\000i\000t\000\340\000\040\000R\000e\000l\000a\000z\000i\000o\000n\000e\000\051}{chapter.2}% 4
\BOOKMARK [1][-]{section.2.3}{\376\377\000R\000i\000s\000t\000r\000u\000t\000t\000u\000r\000a\000z\000i\000o\000n\000e}{chapter.2}% 5
\BOOKMARK [2][-]{subsection.2.3.1}{\376\377\000A\000t\000t\000r\000i\000b\000u\000t\000i\000\040\000m\000u\000l\000t\000i\000p\000l\000i}{section.2.3}% 6
\BOOKMARK [2][-]{subsection.2.3.2}{\376\377\000G\000e\000n\000e\000r\000a\000l\000i\000z\000z\000a\000z\000i\000o\000n\000i}{section.2.3}% 7
\BOOKMARK [2][-]{subsection.2.3.3}{\376\377\000A\000n\000a\000l\000i\000s\000i\000\040\000d\000e\000g\000l\000i\000\040\000i\000d\000e\000n\000t\000i\000f\000i\000c\000a\000t\000i\000v\000i}{section.2.3}% 8
\BOOKMARK [2][-]{subsection.2.3.4}{\376\377\000D\000i\000a\000g\000r\000a\000m\000m\000a\000\040\000U\000M\000L\000\040\000r\000i\000s\000t\000r\000u\000t\000t\000u\000r\000a\000t\000o}{section.2.3}% 9
\BOOKMARK [1][-]{section.2.4}{\376\377\000D\000i\000z\000i\000o\000n\000a\000r\000i}{chapter.2}% 10
\BOOKMARK [2][-]{subsection.2.4.1}{\376\377\000D\000i\000z\000i\000o\000n\000a\000r\000i\000o\000\040\000d\000e\000l\000l\000e\000\040\000c\000l\000a\000s\000s\000i}{section.2.4}% 11
\BOOKMARK [2][-]{subsection.2.4.2}{\376\377\000D\000i\000z\000i\000o\000n\000a\000r\000i\000o\000\040\000d\000e\000l\000l\000e\000\040\000a\000s\000s\000o\000c\000i\000a\000z\000i\000o\000n\000i}{section.2.4}% 12
\BOOKMARK [2][-]{subsection.2.4.3}{\376\377\000D\000i\000z\000i\000o\000n\000a\000r\000i\000o\000\040\000d\000e\000i\000\040\000v\000i\000n\000c\000o\000l\000i}{section.2.4}% 13
\BOOKMARK [0][-]{chapter.3}{\376\377\000P\000r\000o\000g\000e\000t\000t\000a\000z\000i\000o\000n\000e\000\040\000L\000o\000g\000i\000c\000a}{}% 14
\BOOKMARK [1][-]{section.3.1}{\376\377\000S\000c\000h\000e\000m\000a\000\040\000L\000o\000g\000i\000c\000o}{chapter.3}% 15
\BOOKMARK [2][-]{subsection.3.1.1}{\376\377\000T\000r\000a\000d\000u\000z\000i\000o\000n\000e\000\040\000d\000e\000l\000l\000e\000\040\000c\000l\000a\000s\000s\000i\000\040\000e\000\040\000d\000e\000l\000l\000e\000\040\000a\000s\000s\000o\000c\000i\000a\000z\000i\000o\000n\000i}{section.3.1}% 16
\BOOKMARK [2][-]{subsection.3.1.2}{\376\377\000M\000o\000d\000a\000l\000i\000t\000\340\000\040\000d\000i\000\040\000t\000r\000a\000d\000u\000z\000i\000o\000n\000e\000\040\000d\000e\000l\000l\000e\000\040\000a\000s\000s\000o\000c\000i\000a\000z\000i\000o\000n\000i}{section.3.1}% 17
\BOOKMARK [0][-]{chapter.4}{\376\377\000S\000c\000h\000e\000m\000a\000\040\000F\000i\000s\000i\000c\000o}{}% 18
\BOOKMARK [1][-]{section.4.1}{\376\377\000D\000e\000f\000i\000n\000i\000z\000o\000n\000i\000\040\000S\000Q\000L\000\040\000d\000e\000l\000l\000e\000\040\000t\000a\000b\000e\000l\000l\000e}{chapter.4}% 19
\BOOKMARK [2][-]{subsection.4.1.1}{\376\377\000U\000s\000e\000r}{section.4.1}% 20
\BOOKMARK [2][-]{subsection.4.1.2}{\376\377\000F\000a\000m\000i\000l\000i\000a\000r}{section.4.1}% 21
\BOOKMARK [2][-]{subsection.4.1.3}{\376\377\000B\000a\000n\000k\000A\000c\000c\000o\000u\000n\000t}{section.4.1}% 22
\BOOKMARK [2][-]{subsection.4.1.4}{\376\377\000C\000a\000r\000d}{section.4.1}% 23
\BOOKMARK [2][-]{subsection.4.1.5}{\376\377\000T\000r\000a\000n\000s\000a\000c\000t\000i\000o\000n}{section.4.1}% 24
\BOOKMARK [2][-]{subsection.4.1.6}{\376\377\000W\000a\000l\000l\000e\000t}{section.4.1}% 25
\BOOKMARK [2][-]{subsection.4.1.7}{\376\377\000T\000r\000a\000n\000s\000a\000c\000t\000i\000o\000n\000I\000n\000W\000a\000l\000l\000e\000t}{section.4.1}% 26
\BOOKMARK [1][-]{section.4.2}{\376\377\000D\000e\000f\000i\000n\000i\000z\000o\000n\000i\000\040\000S\000Q\000L\000\040\000d\000e\000i\000\040\000t\000r\000i\000g\000g\000e\000r}{chapter.4}% 27
\BOOKMARK [2][-]{subsection.4.2.1}{\376\377\000c\000h\000e\000c\000k\000\137\000c\000a\000r\000d\000\137\000o\000w\000n\000e\000r\000\137\000t\000r\000i\000g\000g\000e\000r}{section.4.2}% 28
\BOOKMARK [2][-]{subsection.4.2.2}{\376\377\000c\000o\000n\000n\000e\000c\000t\000\137\000t\000r\000a\000n\000s\000a\000c\000t\000i\000o\000n\000\137\000t\000o\000\137\000w\000a\000l\000l\000e\000t\000\137\000t\000r\000i\000g\000g\000e\000r}{section.4.2}% 29
\BOOKMARK [2][-]{subsection.4.2.3}{\376\377\000u\000p\000d\000a\000t\000e\000\137\000w\000a\000l\000l\000e\000t\000\137\000c\000a\000t\000e\000g\000o\000r\000y\000\137\000t\000r\000i\000g\000g\000e\000r}{section.4.2}% 30
\BOOKMARK [1][-]{section.4.3}{\376\377\000D\000e\000f\000i\000n\000i\000z\000o\000n\000i\000\040\000S\000Q\000L\000\040\000d\000e\000l\000l\000e\000\040\000f\000u\000n\000z\000i\000o\000n\000i}{chapter.4}% 31
\BOOKMARK [2][-]{subsection.4.3.1}{\376\377\000e\000x\000p\000i\000r\000e\000d\000\137\000c\000a\000r\000d}{section.4.3}% 32
\BOOKMARK [0][-]{chapter.5}{\376\377\000C\000o\000n\000c\000l\000u\000s\000i\000o\000n\000e}{}% 33
